Analysis & Synthesis report for Aula8_3
Thu Apr 20 17:21:40 2023
Quartus Prime Version 20.1.0 Build 711 06/05/2020 SJ Lite Edition


---------------------
; Table of Contents ;
---------------------
  1. Legal Notice
  2. Analysis & Synthesis Summary
  3. Analysis & Synthesis Settings
  4. Parallel Compilation
  5. Analysis & Synthesis Source Files Read
  6. Analysis & Synthesis Resource Usage Summary
  7. Analysis & Synthesis Resource Utilization by Entity
  8. General Register Statistics
  9. Multiplexer Restructuring Statistics (Restructuring Performed)
 10. Parameter Settings for User Entity Instance: Top-level Entity: |Aula8_3
 11. Parameter Settings for User Entity Instance: CPU:CPU
 12. Parameter Settings for User Entity Instance: CPU:CPU|somaConstante:incrementaPC
 13. Parameter Settings for User Entity Instance: CPU:CPU|registradorGenerico:REG_RETORNO
 14. Parameter Settings for User Entity Instance: CPU:CPU|muxGenerico4x1:MUX_JMP
 15. Parameter Settings for User Entity Instance: CPU:CPU|registradorGenerico:PC
 16. Parameter Settings for User Entity Instance: CPU:CPU|muxGenerico2x1:MUX1
 17. Parameter Settings for User Entity Instance: CPU:CPU|registradorGenerico:REGA
 18. Parameter Settings for User Entity Instance: CPU:CPU|ULASomaSub:ULA
 19. Parameter Settings for User Entity Instance: memoriaROM:ROM
 20. Parameter Settings for User Entity Instance: memoriaRAM:RAM
 21. Parameter Settings for User Entity Instance: registradorGenerico:REG_LEDR
 22. Parameter Settings for User Entity Instance: registradorGenerico:REG_HEX_0
 23. Parameter Settings for User Entity Instance: registradorGenerico:REG_HEX_1
 24. Parameter Settings for User Entity Instance: registradorGenerico:REG_HEX_2
 25. Parameter Settings for User Entity Instance: registradorGenerico:REG_HEX_3
 26. Parameter Settings for User Entity Instance: registradorGenerico:REG_HEX_4
 27. Parameter Settings for User Entity Instance: registradorGenerico:REG_HEX_5
 28. Port Connectivity Checks: "FlipFlop:FLIPFLOP_KEY0"
 29. Port Connectivity Checks: "conversorHex7Seg:HEX_5"
 30. Port Connectivity Checks: "registradorGenerico:REG_HEX_5"
 31. Port Connectivity Checks: "conversorHex7Seg:HEX_4"
 32. Port Connectivity Checks: "registradorGenerico:REG_HEX_4"
 33. Port Connectivity Checks: "conversorHex7Seg:HEX_3"
 34. Port Connectivity Checks: "registradorGenerico:REG_HEX_3"
 35. Port Connectivity Checks: "conversorHex7Seg:HEX_2"
 36. Port Connectivity Checks: "registradorGenerico:REG_HEX_2"
 37. Port Connectivity Checks: "conversorHex7Seg:HEX_1"
 38. Port Connectivity Checks: "registradorGenerico:REG_HEX_1"
 39. Port Connectivity Checks: "conversorHex7Seg:HEX_0"
 40. Port Connectivity Checks: "registradorGenerico:REG_HEX_0"
 41. Port Connectivity Checks: "FlipFlop:FF_9"
 42. Port Connectivity Checks: "FlipFlop:FF_8"
 43. Port Connectivity Checks: "registradorGenerico:REG_LEDR"
 44. Port Connectivity Checks: "decoder3x8:DECODER_ENDERECO"
 45. Port Connectivity Checks: "decoder3x8:DECODER_BLOCO"
 46. Port Connectivity Checks: "CPU:CPU|FlipFlop:FLIPFLOP_COMP"
 47. Port Connectivity Checks: "CPU:CPU|registradorGenerico:REGA"
 48. Port Connectivity Checks: "CPU:CPU|registradorGenerico:PC"
 49. Port Connectivity Checks: "CPU:CPU|registradorGenerico:REG_RETORNO"
 50. Post-Synthesis Netlist Statistics for Top Partition
 51. Elapsed Time Per Partition
 52. Analysis & Synthesis Messages



----------------
; Legal Notice ;
----------------
Copyright (C) 2020  Intel Corporation. All rights reserved.
Your use of Intel Corporation's design tools, logic functions 
and other software and tools, and any partner logic 
functions, and any output files from any of the foregoing 
(including device programming or simulation files), and any 
associated documentation or information are expressly subject 
to the terms and conditions of the Intel Program License 
Subscription Agreement, the Intel Quartus Prime License Agreement,
the Intel FPGA IP License Agreement, or other applicable license
agreement, including, without limitation, that your use is for
the sole purpose of programming logic devices manufactured by
Intel and sold by Intel or its authorized distributors.  Please
refer to the applicable agreement for further details, at
https://fpgasoftware.intel.com/eula.



+-------------------------------------------------------------------------------+
; Analysis & Synthesis Summary                                                  ;
+---------------------------------+---------------------------------------------+
; Analysis & Synthesis Status     ; Successful - Thu Apr 20 17:21:40 2023       ;
; Quartus Prime Version           ; 20.1.0 Build 711 06/05/2020 SJ Lite Edition ;
; Revision Name                   ; Aula8_3                                     ;
; Top-level Entity Name           ; Aula8_3                                     ;
; Family                          ; Cyclone V                                   ;
; Logic utilization (in ALMs)     ; N/A                                         ;
; Total registers                 ; 575                                         ;
; Total pins                      ; 77                                          ;
; Total virtual pins              ; 0                                           ;
; Total block memory bits         ; 0                                           ;
; Total DSP Blocks                ; 0                                           ;
; Total HSSI RX PCSs              ; 0                                           ;
; Total HSSI PMA RX Deserializers ; 0                                           ;
; Total HSSI TX PCSs              ; 0                                           ;
; Total HSSI PMA TX Serializers   ; 0                                           ;
; Total PLLs                      ; 0                                           ;
; Total DLLs                      ; 0                                           ;
+---------------------------------+---------------------------------------------+


+---------------------------------------------------------------------------------------------------------------------------+
; Analysis & Synthesis Settings                                                                                             ;
+---------------------------------------------------------------------------------+--------------------+--------------------+
; Option                                                                          ; Setting            ; Default Value      ;
+---------------------------------------------------------------------------------+--------------------+--------------------+
; Device                                                                          ; 5CEBA4F23C7        ;                    ;
; Top-level entity name                                                           ; Aula8_3            ; Aula8_3            ;
; Family name                                                                     ; Cyclone V          ; Cyclone V          ;
; VHDL Show LMF Mapping Messages                                                  ; Off                ;                    ;
; VHDL Version                                                                    ; VHDL_2008          ; VHDL_1993          ;
; Use smart compilation                                                           ; Off                ; Off                ;
; Enable parallel Assembler and Timing Analyzer during compilation                ; On                 ; On                 ;
; Enable compact report table                                                     ; Off                ; Off                ;
; Restructure Multiplexers                                                        ; Auto               ; Auto               ;
; MLAB Add Timing Constraints For Mixed-Port Feed-Through Mode Setting Don't Care ; Off                ; Off                ;
; Create Debugging Nodes for IP Cores                                             ; Off                ; Off                ;
; Preserve fewer node names                                                       ; On                 ; On                 ;
; Intel FPGA IP Evaluation Mode                                                   ; Enable             ; Enable             ;
; Verilog Version                                                                 ; Verilog_2001       ; Verilog_2001       ;
; State Machine Processing                                                        ; Auto               ; Auto               ;
; Safe State Machine                                                              ; Off                ; Off                ;
; Extract Verilog State Machines                                                  ; On                 ; On                 ;
; Extract VHDL State Machines                                                     ; On                 ; On                 ;
; Ignore Verilog initial constructs                                               ; Off                ; Off                ;
; Iteration limit for constant Verilog loops                                      ; 5000               ; 5000               ;
; Iteration limit for non-constant Verilog loops                                  ; 250                ; 250                ;
; Add Pass-Through Logic to Inferred RAMs                                         ; On                 ; On                 ;
; Infer RAMs from Raw Logic                                                       ; On                 ; On                 ;
; Parallel Synthesis                                                              ; On                 ; On                 ;
; DSP Block Balancing                                                             ; Auto               ; Auto               ;
; NOT Gate Push-Back                                                              ; On                 ; On                 ;
; Power-Up Don't Care                                                             ; On                 ; On                 ;
; Remove Redundant Logic Cells                                                    ; Off                ; Off                ;
; Remove Duplicate Registers                                                      ; On                 ; On                 ;
; Ignore CARRY Buffers                                                            ; Off                ; Off                ;
; Ignore CASCADE Buffers                                                          ; Off                ; Off                ;
; Ignore GLOBAL Buffers                                                           ; Off                ; Off                ;
; Ignore ROW GLOBAL Buffers                                                       ; Off                ; Off                ;
; Ignore LCELL Buffers                                                            ; Off                ; Off                ;
; Ignore SOFT Buffers                                                             ; On                 ; On                 ;
; Limit AHDL Integers to 32 Bits                                                  ; Off                ; Off                ;
; Optimization Technique                                                          ; Balanced           ; Balanced           ;
; Carry Chain Length                                                              ; 70                 ; 70                 ;
; Auto Carry Chains                                                               ; On                 ; On                 ;
; Auto Open-Drain Pins                                                            ; On                 ; On                 ;
; Perform WYSIWYG Primitive Resynthesis                                           ; Off                ; Off                ;
; Auto ROM Replacement                                                            ; On                 ; On                 ;
; Auto RAM Replacement                                                            ; On                 ; On                 ;
; Auto DSP Block Replacement                                                      ; On                 ; On                 ;
; Auto Shift Register Replacement                                                 ; Auto               ; Auto               ;
; Allow Shift Register Merging across Hierarchies                                 ; Auto               ; Auto               ;
; Auto Clock Enable Replacement                                                   ; On                 ; On                 ;
; Strict RAM Replacement                                                          ; Off                ; Off                ;
; Allow Synchronous Control Signals                                               ; On                 ; On                 ;
; Force Use of Synchronous Clear Signals                                          ; Off                ; Off                ;
; Auto Resource Sharing                                                           ; Off                ; Off                ;
; Allow Any RAM Size For Recognition                                              ; Off                ; Off                ;
; Allow Any ROM Size For Recognition                                              ; Off                ; Off                ;
; Allow Any Shift Register Size For Recognition                                   ; Off                ; Off                ;
; Use LogicLock Constraints during Resource Balancing                             ; On                 ; On                 ;
; Ignore translate_off and synthesis_off directives                               ; Off                ; Off                ;
; Timing-Driven Synthesis                                                         ; On                 ; On                 ;
; Report Parameter Settings                                                       ; On                 ; On                 ;
; Report Source Assignments                                                       ; On                 ; On                 ;
; Report Connectivity Checks                                                      ; On                 ; On                 ;
; Ignore Maximum Fan-Out Assignments                                              ; Off                ; Off                ;
; Synchronization Register Chain Length                                           ; 3                  ; 3                  ;
; Power Optimization During Synthesis                                             ; Normal compilation ; Normal compilation ;
; HDL message level                                                               ; Level2             ; Level2             ;
; Suppress Register Optimization Related Messages                                 ; Off                ; Off                ;
; Number of Removed Registers Reported in Synthesis Report                        ; 5000               ; 5000               ;
; Number of Swept Nodes Reported in Synthesis Report                              ; 5000               ; 5000               ;
; Number of Inverted Registers Reported in Synthesis Report                       ; 100                ; 100                ;
; Clock MUX Protection                                                            ; On                 ; On                 ;
; Auto Gated Clock Conversion                                                     ; Off                ; Off                ;
; Block Design Naming                                                             ; Auto               ; Auto               ;
; SDC constraint protection                                                       ; Off                ; Off                ;
; Synthesis Effort                                                                ; Auto               ; Auto               ;
; Shift Register Replacement - Allow Asynchronous Clear Signal                    ; On                 ; On                 ;
; Pre-Mapping Resynthesis Optimization                                            ; Off                ; Off                ;
; Analysis & Synthesis Message Level                                              ; Medium             ; Medium             ;
; Disable Register Merging Across Hierarchies                                     ; Auto               ; Auto               ;
; Resource Aware Inference For Block RAM                                          ; On                 ; On                 ;
; Automatic Parallel Synthesis                                                    ; On                 ; On                 ;
; Partial Reconfiguration Bitstream ID                                            ; Off                ; Off                ;
+---------------------------------------------------------------------------------+--------------------+--------------------+


+------------------------------------------+
; Parallel Compilation                     ;
+----------------------------+-------------+
; Processors                 ; Number      ;
+----------------------------+-------------+
; Number detected on machine ; 8           ;
; Maximum allowed            ; 4           ;
;                            ;             ;
; Average used               ; 1.00        ;
; Maximum used               ; 4           ;
;                            ;             ;
; Usage by Processor         ; % Time Used ;
;     Processor 1            ; 100.0%      ;
;     Processor 2            ;   0.0%      ;
;     Processor 3            ;   0.0%      ;
;     Processor 4            ;   0.0%      ;
+----------------------------+-------------+


+-------------------------------------------------------------------------------------------------------------------------------------------------------+
; Analysis & Synthesis Source Files Read                                                                                                                ;
+----------------------------------+-----------------+-----------------+----------------------------------------------------------------------+---------+
; File Name with User-Entered Path ; Used in Netlist ; File Type       ; File Name with Absolute Path                                         ; Library ;
+----------------------------------+-----------------+-----------------+----------------------------------------------------------------------+---------+
; ULASomaSub.vhd                   ; yes             ; User VHDL File  ; /home/borg/Documents/Descomp/Aula8/parte3/ULASomaSub.vhd             ;         ;
; somaConstante.vhd                ; yes             ; User VHDL File  ; /home/borg/Documents/Descomp/Aula8/parte3/somaConstante.vhd          ;         ;
; registradorGenerico.vhd          ; yes             ; User VHDL File  ; /home/borg/Documents/Descomp/Aula8/parte3/registradorGenerico.vhd    ;         ;
; muxGenerico4x1.vhd               ; yes             ; User VHDL File  ; /home/borg/Documents/Descomp/Aula8/parte3/muxGenerico4x1.vhd         ;         ;
; muxGenerico2x1.vhd               ; yes             ; User VHDL File  ; /home/borg/Documents/Descomp/Aula8/parte3/muxGenerico2x1.vhd         ;         ;
; memoriaROM.vhd                   ; yes             ; User VHDL File  ; /home/borg/Documents/Descomp/Aula8/parte3/memoriaROM.vhd             ;         ;
; memoriaRAM.vhd                   ; yes             ; User VHDL File  ; /home/borg/Documents/Descomp/Aula8/parte3/memoriaRAM.vhd             ;         ;
; LogicaDesvio.vhd                 ; yes             ; User VHDL File  ; /home/borg/Documents/Descomp/Aula8/parte3/LogicaDesvio.vhd           ;         ;
; FlipFlop.vhd                     ; yes             ; User VHDL File  ; /home/borg/Documents/Descomp/Aula8/parte3/FlipFlop.vhd               ;         ;
; edgeDetector.vhd                 ; yes             ; User VHDL File  ; /home/borg/Documents/Descomp/Aula8/parte3/edgeDetector.vhd           ;         ;
; decoderInstru.vhd                ; yes             ; User VHDL File  ; /home/borg/Documents/Descomp/Aula8/parte3/decoderInstru.vhd          ;         ;
; decoder3x8.vhd                   ; yes             ; User VHDL File  ; /home/borg/Documents/Descomp/Aula8/parte3/decoder3x8.vhd             ;         ;
; CPU.vhd                          ; yes             ; User VHDL File  ; /home/borg/Documents/Descomp/Aula8/parte3/CPU.vhd                    ;         ;
; conversorHex7Seg.vhd             ; yes             ; User VHDL File  ; /home/borg/Documents/Descomp/Aula8/parte3/conversorHex7Seg.vhd       ;         ;
; buffer_3_state_8portas.vhd       ; yes             ; User VHDL File  ; /home/borg/Documents/Descomp/Aula8/parte3/buffer_3_state_8portas.vhd ;         ;
; buffer_3_state.vhd               ; yes             ; User VHDL File  ; /home/borg/Documents/Descomp/Aula8/parte3/buffer_3_state.vhd         ;         ;
; Aula8_3.vhd                      ; yes             ; User VHDL File  ; /home/borg/Documents/Descomp/Aula8/parte3/Aula8_3.vhd                ;         ;
+----------------------------------+-----------------+-----------------+----------------------------------------------------------------------+---------+


+--------------------------------------------------------------+
; Analysis & Synthesis Resource Usage Summary                  ;
+---------------------------------------------+----------------+
; Resource                                    ; Usage          ;
+---------------------------------------------+----------------+
; Estimate of Logic utilization (ALMs needed) ; 452            ;
;                                             ;                ;
; Combinational ALUT usage for logic          ; 465            ;
;     -- 7 input functions                    ; 0              ;
;     -- 6 input functions                    ; 249            ;
;     -- 5 input functions                    ; 45             ;
;     -- 4 input functions                    ; 70             ;
;     -- <=3 input functions                  ; 101            ;
;                                             ;                ;
; Dedicated logic registers                   ; 575            ;
;                                             ;                ;
; I/O pins                                    ; 77             ;
;                                             ;                ;
; Total DSP Blocks                            ; 0              ;
;                                             ;                ;
; Maximum fan-out node                        ; CLOCK_50~input ;
; Maximum fan-out                             ; 574            ;
; Total fan-out                               ; 4095           ;
; Average fan-out                             ; 3.43           ;
+---------------------------------------------+----------------+


+------------------------------------------------------------------------------------------------------------------------------------------------------------------------------------------------------------------------------------------+
; Analysis & Synthesis Resource Utilization by Entity                                                                                                                                                                                      ;
+-----------------------------------------+---------------------+---------------------------+-------------------+------------+------+--------------+--------------------------------------------------+---------------------+--------------+
; Compilation Hierarchy Node              ; Combinational ALUTs ; Dedicated Logic Registers ; Block Memory Bits ; DSP Blocks ; Pins ; Virtual Pins ; Full Hierarchy Name                              ; Entity Name         ; Library Name ;
+-----------------------------------------+---------------------+---------------------------+-------------------+------------+------+--------------+--------------------------------------------------+---------------------+--------------+
; |Aula8_3                                ; 465 (20)            ; 575 (0)                   ; 0                 ; 0          ; 77   ; 0            ; |Aula8_3                                         ; Aula8_3             ; work         ;
;    |CPU:CPU|                            ; 71 (0)              ; 27 (0)                    ; 0                 ; 0          ; 0    ; 0            ; |Aula8_3|CPU:CPU                                 ; CPU                 ; work         ;
;       |FlipFlop:FLIPFLOP_COMP|          ; 3 (3)               ; 1 (1)                     ; 0                 ; 0          ; 0    ; 0            ; |Aula8_3|CPU:CPU|FlipFlop:FLIPFLOP_COMP          ; FlipFlop            ; work         ;
;       |LogicaDesvio:LOGICA_DESVIO|      ; 2 (2)               ; 0 (0)                     ; 0                 ; 0          ; 0    ; 0            ; |Aula8_3|CPU:CPU|LogicaDesvio:LOGICA_DESVIO      ; LogicaDesvio        ; work         ;
;       |ULASomaSub:ULA|                  ; 25 (25)             ; 0 (0)                     ; 0                 ; 0          ; 0    ; 0            ; |Aula8_3|CPU:CPU|ULASomaSub:ULA                  ; ULASomaSub          ; work         ;
;       |decoderInstru:DECODER|           ; 12 (12)             ; 0 (0)                     ; 0                 ; 0          ; 0    ; 0            ; |Aula8_3|CPU:CPU|decoderInstru:DECODER           ; decoderInstru       ; work         ;
;       |muxGenerico2x1:MUX1|             ; 9 (9)               ; 0 (0)                     ; 0                 ; 0          ; 0    ; 0            ; |Aula8_3|CPU:CPU|muxGenerico2x1:MUX1             ; muxGenerico2x1      ; work         ;
;       |muxGenerico4x1:MUX_JMP|          ; 11 (11)             ; 0 (0)                     ; 0                 ; 0          ; 0    ; 0            ; |Aula8_3|CPU:CPU|muxGenerico4x1:MUX_JMP          ; muxGenerico4x1      ; work         ;
;       |registradorGenerico:PC|          ; 0 (0)               ; 9 (9)                     ; 0                 ; 0          ; 0    ; 0            ; |Aula8_3|CPU:CPU|registradorGenerico:PC          ; registradorGenerico ; work         ;
;       |registradorGenerico:REGA|        ; 0 (0)               ; 8 (8)                     ; 0                 ; 0          ; 0    ; 0            ; |Aula8_3|CPU:CPU|registradorGenerico:REGA        ; registradorGenerico ; work         ;
;       |registradorGenerico:REG_RETORNO| ; 0 (0)               ; 9 (9)                     ; 0                 ; 0          ; 0    ; 0            ; |Aula8_3|CPU:CPU|registradorGenerico:REG_RETORNO ; registradorGenerico ; work         ;
;       |somaConstante:incrementaPC|      ; 9 (9)               ; 0 (0)                     ; 0                 ; 0          ; 0    ; 0            ; |Aula8_3|CPU:CPU|somaConstante:incrementaPC      ; somaConstante       ; work         ;
;    |FlipFlop:FF_8|                      ; 1 (1)               ; 1 (1)                     ; 0                 ; 0          ; 0    ; 0            ; |Aula8_3|FlipFlop:FF_8                           ; FlipFlop            ; work         ;
;    |FlipFlop:FF_9|                      ; 1 (1)               ; 1 (1)                     ; 0                 ; 0          ; 0    ; 0            ; |Aula8_3|FlipFlop:FF_9                           ; FlipFlop            ; work         ;
;    |FlipFlop:FLIPFLOP_KEY0|             ; 0 (0)               ; 1 (1)                     ; 0                 ; 0          ; 0    ; 0            ; |Aula8_3|FlipFlop:FLIPFLOP_KEY0                  ; FlipFlop            ; work         ;
;    |conversorHex7Seg:HEX_0|             ; 7 (7)               ; 0 (0)                     ; 0                 ; 0          ; 0    ; 0            ; |Aula8_3|conversorHex7Seg:HEX_0                  ; conversorHex7Seg    ; work         ;
;    |conversorHex7Seg:HEX_1|             ; 7 (7)               ; 0 (0)                     ; 0                 ; 0          ; 0    ; 0            ; |Aula8_3|conversorHex7Seg:HEX_1                  ; conversorHex7Seg    ; work         ;
;    |conversorHex7Seg:HEX_2|             ; 7 (7)               ; 0 (0)                     ; 0                 ; 0          ; 0    ; 0            ; |Aula8_3|conversorHex7Seg:HEX_2                  ; conversorHex7Seg    ; work         ;
;    |conversorHex7Seg:HEX_3|             ; 7 (7)               ; 0 (0)                     ; 0                 ; 0          ; 0    ; 0            ; |Aula8_3|conversorHex7Seg:HEX_3                  ; conversorHex7Seg    ; work         ;
;    |conversorHex7Seg:HEX_4|             ; 7 (7)               ; 0 (0)                     ; 0                 ; 0          ; 0    ; 0            ; |Aula8_3|conversorHex7Seg:HEX_4                  ; conversorHex7Seg    ; work         ;
;    |conversorHex7Seg:HEX_5|             ; 7 (7)               ; 0 (0)                     ; 0                 ; 0          ; 0    ; 0            ; |Aula8_3|conversorHex7Seg:HEX_5                  ; conversorHex7Seg    ; work         ;
;    |edgeDetector:detectorContador|      ; 2 (2)               ; 1 (1)                     ; 0                 ; 0          ; 0    ; 0            ; |Aula8_3|edgeDetector:detectorContador           ; edgeDetector        ; work         ;
;    |memoriaRAM:RAM|                     ; 297 (297)           ; 512 (512)                 ; 0                 ; 0          ; 0    ; 0            ; |Aula8_3|memoriaRAM:RAM                          ; memoriaRAM          ; work         ;
;    |memoriaROM:ROM|                     ; 31 (31)             ; 0 (0)                     ; 0                 ; 0          ; 0    ; 0            ; |Aula8_3|memoriaROM:ROM                          ; memoriaROM          ; work         ;
;    |registradorGenerico:REG_HEX_0|      ; 0 (0)               ; 4 (4)                     ; 0                 ; 0          ; 0    ; 0            ; |Aula8_3|registradorGenerico:REG_HEX_0           ; registradorGenerico ; work         ;
;    |registradorGenerico:REG_HEX_1|      ; 0 (0)               ; 4 (4)                     ; 0                 ; 0          ; 0    ; 0            ; |Aula8_3|registradorGenerico:REG_HEX_1           ; registradorGenerico ; work         ;
;    |registradorGenerico:REG_HEX_2|      ; 0 (0)               ; 4 (4)                     ; 0                 ; 0          ; 0    ; 0            ; |Aula8_3|registradorGenerico:REG_HEX_2           ; registradorGenerico ; work         ;
;    |registradorGenerico:REG_HEX_3|      ; 0 (0)               ; 4 (4)                     ; 0                 ; 0          ; 0    ; 0            ; |Aula8_3|registradorGenerico:REG_HEX_3           ; registradorGenerico ; work         ;
;    |registradorGenerico:REG_HEX_4|      ; 0 (0)               ; 4 (4)                     ; 0                 ; 0          ; 0    ; 0            ; |Aula8_3|registradorGenerico:REG_HEX_4           ; registradorGenerico ; work         ;
;    |registradorGenerico:REG_HEX_5|      ; 0 (0)               ; 4 (4)                     ; 0                 ; 0          ; 0    ; 0            ; |Aula8_3|registradorGenerico:REG_HEX_5           ; registradorGenerico ; work         ;
;    |registradorGenerico:REG_LEDR|       ; 0 (0)               ; 8 (8)                     ; 0                 ; 0          ; 0    ; 0            ; |Aula8_3|registradorGenerico:REG_LEDR            ; registradorGenerico ; work         ;
+-----------------------------------------+---------------------+---------------------------+-------------------+------------+------+--------------+--------------------------------------------------+---------------------+--------------+
Note: For table entries with two numbers listed, the numbers in parentheses indicate the number of resources of the given type used by the specific entity alone. The numbers listed outside of parentheses indicate the total resources of the given type used by the specific entity and all of its sub-entities in the hierarchy.


+------------------------------------------------------+
; General Register Statistics                          ;
+----------------------------------------------+-------+
; Statistic                                    ; Value ;
+----------------------------------------------+-------+
; Total registers                              ; 575   ;
; Number of registers using Synchronous Clear  ; 0     ;
; Number of registers using Synchronous Load   ; 8     ;
; Number of registers using Asynchronous Clear ; 1     ;
; Number of registers using Asynchronous Load  ; 0     ;
; Number of registers using Clock Enable       ; 561   ;
; Number of registers using Preset             ; 0     ;
+----------------------------------------------+-------+


+-----------------------------------------------------------------------------------------------------------------------------------------------------------------+
; Multiplexer Restructuring Statistics (Restructuring Performed)                                                                                                  ;
+--------------------+-----------+---------------+----------------------+------------------------+------------+---------------------------------------------------+
; Multiplexer Inputs ; Bus Width ; Baseline Area ; Area if Restructured ; Saving if Restructured ; Registered ; Example Multiplexer Output                        ;
+--------------------+-----------+---------------+----------------------+------------------------+------------+---------------------------------------------------+
; 3:1                ; 8 bits    ; 16 LEs        ; 16 LEs               ; 0 LEs                  ; Yes        ; |Aula8_3|CPU:CPU|registradorGenerico:REGA|DOUT[6] ;
; 3:1                ; 9 bits    ; 18 LEs        ; 18 LEs               ; 0 LEs                  ; Yes        ; |Aula8_3|CPU:CPU|registradorGenerico:PC|DOUT[3]   ;
; 3:1                ; 3 bits    ; 6 LEs         ; 6 LEs                ; 0 LEs                  ; No         ; |Aula8_3|CPU:CPU|decoderInstru:DECODER|saida[3]   ;
; 3:1                ; 7 bits    ; 14 LEs        ; 14 LEs               ; 0 LEs                  ; No         ; |Aula8_3|CPU:CPU|muxGenerico2x1:MUX1|saida_MUX[6] ;
; 10:1               ; 3 bits    ; 18 LEs        ; 18 LEs               ; 0 LEs                  ; No         ; |Aula8_3|CPU:CPU|decoderInstru:DECODER|saida[8]   ;
+--------------------+-----------+---------------+----------------------+------------------------+------------+---------------------------------------------------+


+-------------------------------------------------------------------------+
; Parameter Settings for User Entity Instance: Top-level Entity: |Aula8_3 ;
+---------------------+-------+-------------------------------------------+
; Parameter Name      ; Value ; Type                                      ;
+---------------------+-------+-------------------------------------------+
; larguraDadosROM     ; 13    ; Signed Integer                            ;
; larguraEnderecosROM ; 9     ; Signed Integer                            ;
; larguraDadosRAM     ; 8     ; Signed Integer                            ;
; larguraEnderecosRAM ; 6     ; Signed Integer                            ;
; simulacao           ; false ; Enumerated                                ;
+---------------------+-------+-------------------------------------------+
Note: In order to hide this table in the UI and the text report file, please set the "Show Parameter Settings in Synthesis Report" option in "Analysis and Synthesis Settings -> More Settings" to "Off".


+------------------------------------------------------+
; Parameter Settings for User Entity Instance: CPU:CPU ;
+------------------------+-------+---------------------+
; Parameter Name         ; Value ; Type                ;
+------------------------+-------+---------------------+
; larguraenderecosrom    ; 9     ; Signed Integer      ;
; larguradados           ; 8     ; Signed Integer      ;
; largurapalavracontrole ; 13    ; Signed Integer      ;
; simulacao              ; true  ; Enumerated          ;
+------------------------+-------+---------------------+
Note: In order to hide this table in the UI and the text report file, please set the "Show Parameter Settings in Synthesis Report" option in "Analysis and Synthesis Settings -> More Settings" to "Off".


+---------------------------------------------------------------------------------+
; Parameter Settings for User Entity Instance: CPU:CPU|somaConstante:incrementaPC ;
+----------------+-------+--------------------------------------------------------+
; Parameter Name ; Value ; Type                                                   ;
+----------------+-------+--------------------------------------------------------+
; larguradados   ; 9     ; Signed Integer                                         ;
; constante      ; 1     ; Signed Integer                                         ;
+----------------+-------+--------------------------------------------------------+
Note: In order to hide this table in the UI and the text report file, please set the "Show Parameter Settings in Synthesis Report" option in "Analysis and Synthesis Settings -> More Settings" to "Off".


+--------------------------------------------------------------------------------------+
; Parameter Settings for User Entity Instance: CPU:CPU|registradorGenerico:REG_RETORNO ;
+----------------+-------+-------------------------------------------------------------+
; Parameter Name ; Value ; Type                                                        ;
+----------------+-------+-------------------------------------------------------------+
; larguradados   ; 9     ; Signed Integer                                              ;
+----------------+-------+-------------------------------------------------------------+
Note: In order to hide this table in the UI and the text report file, please set the "Show Parameter Settings in Synthesis Report" option in "Analysis and Synthesis Settings -> More Settings" to "Off".


+-----------------------------------------------------------------------------+
; Parameter Settings for User Entity Instance: CPU:CPU|muxGenerico4x1:MUX_JMP ;
+----------------+-------+----------------------------------------------------+
; Parameter Name ; Value ; Type                                               ;
+----------------+-------+----------------------------------------------------+
; larguradados   ; 9     ; Signed Integer                                     ;
+----------------+-------+----------------------------------------------------+
Note: In order to hide this table in the UI and the text report file, please set the "Show Parameter Settings in Synthesis Report" option in "Analysis and Synthesis Settings -> More Settings" to "Off".


+-----------------------------------------------------------------------------+
; Parameter Settings for User Entity Instance: CPU:CPU|registradorGenerico:PC ;
+----------------+-------+----------------------------------------------------+
; Parameter Name ; Value ; Type                                               ;
+----------------+-------+----------------------------------------------------+
; larguradados   ; 9     ; Signed Integer                                     ;
+----------------+-------+----------------------------------------------------+
Note: In order to hide this table in the UI and the text report file, please set the "Show Parameter Settings in Synthesis Report" option in "Analysis and Synthesis Settings -> More Settings" to "Off".


+--------------------------------------------------------------------------+
; Parameter Settings for User Entity Instance: CPU:CPU|muxGenerico2x1:MUX1 ;
+----------------+-------+-------------------------------------------------+
; Parameter Name ; Value ; Type                                            ;
+----------------+-------+-------------------------------------------------+
; larguradados   ; 8     ; Signed Integer                                  ;
+----------------+-------+-------------------------------------------------+
Note: In order to hide this table in the UI and the text report file, please set the "Show Parameter Settings in Synthesis Report" option in "Analysis and Synthesis Settings -> More Settings" to "Off".


+-------------------------------------------------------------------------------+
; Parameter Settings for User Entity Instance: CPU:CPU|registradorGenerico:REGA ;
+----------------+-------+------------------------------------------------------+
; Parameter Name ; Value ; Type                                                 ;
+----------------+-------+------------------------------------------------------+
; larguradados   ; 8     ; Signed Integer                                       ;
+----------------+-------+------------------------------------------------------+
Note: In order to hide this table in the UI and the text report file, please set the "Show Parameter Settings in Synthesis Report" option in "Analysis and Synthesis Settings -> More Settings" to "Off".


+---------------------------------------------------------------------+
; Parameter Settings for User Entity Instance: CPU:CPU|ULASomaSub:ULA ;
+----------------+-------+--------------------------------------------+
; Parameter Name ; Value ; Type                                       ;
+----------------+-------+--------------------------------------------+
; larguradados   ; 8     ; Signed Integer                             ;
+----------------+-------+--------------------------------------------+
Note: In order to hide this table in the UI and the text report file, please set the "Show Parameter Settings in Synthesis Report" option in "Analysis and Synthesis Settings -> More Settings" to "Off".


+-------------------------------------------------------------+
; Parameter Settings for User Entity Instance: memoriaROM:ROM ;
+----------------+-------+------------------------------------+
; Parameter Name ; Value ; Type                               ;
+----------------+-------+------------------------------------+
; datawidth      ; 13    ; Signed Integer                     ;
; addrwidth      ; 9     ; Signed Integer                     ;
+----------------+-------+------------------------------------+
Note: In order to hide this table in the UI and the text report file, please set the "Show Parameter Settings in Synthesis Report" option in "Analysis and Synthesis Settings -> More Settings" to "Off".


+-------------------------------------------------------------+
; Parameter Settings for User Entity Instance: memoriaRAM:RAM ;
+----------------+-------+------------------------------------+
; Parameter Name ; Value ; Type                               ;
+----------------+-------+------------------------------------+
; datawidth      ; 8     ; Signed Integer                     ;
; addrwidth      ; 6     ; Signed Integer                     ;
+----------------+-------+------------------------------------+
Note: In order to hide this table in the UI and the text report file, please set the "Show Parameter Settings in Synthesis Report" option in "Analysis and Synthesis Settings -> More Settings" to "Off".


+---------------------------------------------------------------------------+
; Parameter Settings for User Entity Instance: registradorGenerico:REG_LEDR ;
+----------------+-------+--------------------------------------------------+
; Parameter Name ; Value ; Type                                             ;
+----------------+-------+--------------------------------------------------+
; larguradados   ; 8     ; Signed Integer                                   ;
+----------------+-------+--------------------------------------------------+
Note: In order to hide this table in the UI and the text report file, please set the "Show Parameter Settings in Synthesis Report" option in "Analysis and Synthesis Settings -> More Settings" to "Off".


+----------------------------------------------------------------------------+
; Parameter Settings for User Entity Instance: registradorGenerico:REG_HEX_0 ;
+----------------+-------+---------------------------------------------------+
; Parameter Name ; Value ; Type                                              ;
+----------------+-------+---------------------------------------------------+
; larguradados   ; 4     ; Signed Integer                                    ;
+----------------+-------+---------------------------------------------------+
Note: In order to hide this table in the UI and the text report file, please set the "Show Parameter Settings in Synthesis Report" option in "Analysis and Synthesis Settings -> More Settings" to "Off".


+----------------------------------------------------------------------------+
; Parameter Settings for User Entity Instance: registradorGenerico:REG_HEX_1 ;
+----------------+-------+---------------------------------------------------+
; Parameter Name ; Value ; Type                                              ;
+----------------+-------+---------------------------------------------------+
; larguradados   ; 4     ; Signed Integer                                    ;
+----------------+-------+---------------------------------------------------+
Note: In order to hide this table in the UI and the text report file, please set the "Show Parameter Settings in Synthesis Report" option in "Analysis and Synthesis Settings -> More Settings" to "Off".


+----------------------------------------------------------------------------+
; Parameter Settings for User Entity Instance: registradorGenerico:REG_HEX_2 ;
+----------------+-------+---------------------------------------------------+
; Parameter Name ; Value ; Type                                              ;
+----------------+-------+---------------------------------------------------+
; larguradados   ; 4     ; Signed Integer                                    ;
+----------------+-------+---------------------------------------------------+
Note: In order to hide this table in the UI and the text report file, please set the "Show Parameter Settings in Synthesis Report" option in "Analysis and Synthesis Settings -> More Settings" to "Off".


+----------------------------------------------------------------------------+
; Parameter Settings for User Entity Instance: registradorGenerico:REG_HEX_3 ;
+----------------+-------+---------------------------------------------------+
; Parameter Name ; Value ; Type                                              ;
+----------------+-------+---------------------------------------------------+
; larguradados   ; 4     ; Signed Integer                                    ;
+----------------+-------+---------------------------------------------------+
Note: In order to hide this table in the UI and the text report file, please set the "Show Parameter Settings in Synthesis Report" option in "Analysis and Synthesis Settings -> More Settings" to "Off".


+----------------------------------------------------------------------------+
; Parameter Settings for User Entity Instance: registradorGenerico:REG_HEX_4 ;
+----------------+-------+---------------------------------------------------+
; Parameter Name ; Value ; Type                                              ;
+----------------+-------+---------------------------------------------------+
; larguradados   ; 4     ; Signed Integer                                    ;
+----------------+-------+---------------------------------------------------+
Note: In order to hide this table in the UI and the text report file, please set the "Show Parameter Settings in Synthesis Report" option in "Analysis and Synthesis Settings -> More Settings" to "Off".


+----------------------------------------------------------------------------+
; Parameter Settings for User Entity Instance: registradorGenerico:REG_HEX_5 ;
+----------------+-------+---------------------------------------------------+
; Parameter Name ; Value ; Type                                              ;
+----------------+-------+---------------------------------------------------+
; larguradados   ; 4     ; Signed Integer                                    ;
+----------------+-------+---------------------------------------------------+
Note: In order to hide this table in the UI and the text report file, please set the "Show Parameter Settings in Synthesis Report" option in "Analysis and Synthesis Settings -> More Settings" to "Off".


+----------------------------------------------------+
; Port Connectivity Checks: "FlipFlop:FLIPFLOP_KEY0" ;
+--------+-------+----------+------------------------+
; Port   ; Type  ; Severity ; Details                ;
+--------+-------+----------+------------------------+
; din    ; Input ; Info     ; Stuck at VCC           ;
; enable ; Input ; Info     ; Stuck at VCC           ;
+--------+-------+----------+------------------------+


+----------------------------------------------------+
; Port Connectivity Checks: "conversorHex7Seg:HEX_5" ;
+----------+-------+----------+----------------------+
; Port     ; Type  ; Severity ; Details              ;
+----------+-------+----------+----------------------+
; apaga    ; Input ; Info     ; Stuck at GND         ;
; negativo ; Input ; Info     ; Stuck at GND         ;
; overflow ; Input ; Info     ; Stuck at GND         ;
+----------+-------+----------+----------------------+


+-----------------------------------------------------------+
; Port Connectivity Checks: "registradorGenerico:REG_HEX_5" ;
+------+-------+----------+---------------------------------+
; Port ; Type  ; Severity ; Details                         ;
+------+-------+----------+---------------------------------+
; rst  ; Input ; Info     ; Stuck at GND                    ;
+------+-------+----------+---------------------------------+


+----------------------------------------------------+
; Port Connectivity Checks: "conversorHex7Seg:HEX_4" ;
+----------+-------+----------+----------------------+
; Port     ; Type  ; Severity ; Details              ;
+----------+-------+----------+----------------------+
; apaga    ; Input ; Info     ; Stuck at GND         ;
; negativo ; Input ; Info     ; Stuck at GND         ;
; overflow ; Input ; Info     ; Stuck at GND         ;
+----------+-------+----------+----------------------+


+-----------------------------------------------------------+
; Port Connectivity Checks: "registradorGenerico:REG_HEX_4" ;
+------+-------+----------+---------------------------------+
; Port ; Type  ; Severity ; Details                         ;
+------+-------+----------+---------------------------------+
; rst  ; Input ; Info     ; Stuck at GND                    ;
+------+-------+----------+---------------------------------+


+----------------------------------------------------+
; Port Connectivity Checks: "conversorHex7Seg:HEX_3" ;
+----------+-------+----------+----------------------+
; Port     ; Type  ; Severity ; Details              ;
+----------+-------+----------+----------------------+
; apaga    ; Input ; Info     ; Stuck at GND         ;
; negativo ; Input ; Info     ; Stuck at GND         ;
; overflow ; Input ; Info     ; Stuck at GND         ;
+----------+-------+----------+----------------------+


+-----------------------------------------------------------+
; Port Connectivity Checks: "registradorGenerico:REG_HEX_3" ;
+------+-------+----------+---------------------------------+
; Port ; Type  ; Severity ; Details                         ;
+------+-------+----------+---------------------------------+
; rst  ; Input ; Info     ; Stuck at GND                    ;
+------+-------+----------+---------------------------------+


+----------------------------------------------------+
; Port Connectivity Checks: "conversorHex7Seg:HEX_2" ;
+----------+-------+----------+----------------------+
; Port     ; Type  ; Severity ; Details              ;
+----------+-------+----------+----------------------+
; apaga    ; Input ; Info     ; Stuck at GND         ;
; negativo ; Input ; Info     ; Stuck at GND         ;
; overflow ; Input ; Info     ; Stuck at GND         ;
+----------+-------+----------+----------------------+


+-----------------------------------------------------------+
; Port Connectivity Checks: "registradorGenerico:REG_HEX_2" ;
+------+-------+----------+---------------------------------+
; Port ; Type  ; Severity ; Details                         ;
+------+-------+----------+---------------------------------+
; rst  ; Input ; Info     ; Stuck at GND                    ;
+------+-------+----------+---------------------------------+


+----------------------------------------------------+
; Port Connectivity Checks: "conversorHex7Seg:HEX_1" ;
+----------+-------+----------+----------------------+
; Port     ; Type  ; Severity ; Details              ;
+----------+-------+----------+----------------------+
; apaga    ; Input ; Info     ; Stuck at GND         ;
; negativo ; Input ; Info     ; Stuck at GND         ;
; overflow ; Input ; Info     ; Stuck at GND         ;
+----------+-------+----------+----------------------+


+-----------------------------------------------------------+
; Port Connectivity Checks: "registradorGenerico:REG_HEX_1" ;
+------+-------+----------+---------------------------------+
; Port ; Type  ; Severity ; Details                         ;
+------+-------+----------+---------------------------------+
; rst  ; Input ; Info     ; Stuck at GND                    ;
+------+-------+----------+---------------------------------+


+----------------------------------------------------+
; Port Connectivity Checks: "conversorHex7Seg:HEX_0" ;
+----------+-------+----------+----------------------+
; Port     ; Type  ; Severity ; Details              ;
+----------+-------+----------+----------------------+
; apaga    ; Input ; Info     ; Stuck at GND         ;
; negativo ; Input ; Info     ; Stuck at GND         ;
; overflow ; Input ; Info     ; Stuck at GND         ;
+----------+-------+----------+----------------------+


+-----------------------------------------------------------+
; Port Connectivity Checks: "registradorGenerico:REG_HEX_0" ;
+------+-------+----------+---------------------------------+
; Port ; Type  ; Severity ; Details                         ;
+------+-------+----------+---------------------------------+
; rst  ; Input ; Info     ; Stuck at GND                    ;
+------+-------+----------+---------------------------------+


+-------------------------------------------+
; Port Connectivity Checks: "FlipFlop:FF_9" ;
+------+-------+----------+-----------------+
; Port ; Type  ; Severity ; Details         ;
+------+-------+----------+-----------------+
; rst  ; Input ; Info     ; Stuck at GND    ;
+------+-------+----------+-----------------+


+-------------------------------------------+
; Port Connectivity Checks: "FlipFlop:FF_8" ;
+------+-------+----------+-----------------+
; Port ; Type  ; Severity ; Details         ;
+------+-------+----------+-----------------+
; rst  ; Input ; Info     ; Stuck at GND    ;
+------+-------+----------+-----------------+


+----------------------------------------------------------+
; Port Connectivity Checks: "registradorGenerico:REG_LEDR" ;
+------+-------+----------+--------------------------------+
; Port ; Type  ; Severity ; Details                        ;
+------+-------+----------+--------------------------------+
; rst  ; Input ; Info     ; Stuck at GND                   ;
+------+-------+----------+--------------------------------+


+-----------------------------------------------------------------------------------------------------------------------+
; Port Connectivity Checks: "decoder3x8:DECODER_ENDERECO"                                                               ;
+-------------+--------+----------+-------------------------------------------------------------------------------------+
; Port        ; Type   ; Severity ; Details                                                                             ;
+-------------+--------+----------+-------------------------------------------------------------------------------------+
; saida[7..6] ; Output ; Info     ; Connected to dangling logic. Logic that only feeds a dangling port will be removed. ;
+-------------+--------+----------+-------------------------------------------------------------------------------------+


+-----------------------------------------------------------------------------------------------------------------------+
; Port Connectivity Checks: "decoder3x8:DECODER_BLOCO"                                                                  ;
+-------------+--------+----------+-------------------------------------------------------------------------------------+
; Port        ; Type   ; Severity ; Details                                                                             ;
+-------------+--------+----------+-------------------------------------------------------------------------------------+
; saida[7..6] ; Output ; Info     ; Connected to dangling logic. Logic that only feeds a dangling port will be removed. ;
; saida[3..1] ; Output ; Info     ; Connected to dangling logic. Logic that only feeds a dangling port will be removed. ;
+-------------+--------+----------+-------------------------------------------------------------------------------------+


+------------------------------------------------------------+
; Port Connectivity Checks: "CPU:CPU|FlipFlop:FLIPFLOP_COMP" ;
+------+-------+----------+----------------------------------+
; Port ; Type  ; Severity ; Details                          ;
+------+-------+----------+----------------------------------+
; rst  ; Input ; Info     ; Stuck at GND                     ;
+------+-------+----------+----------------------------------+


+--------------------------------------------------------------+
; Port Connectivity Checks: "CPU:CPU|registradorGenerico:REGA" ;
+------+-------+----------+------------------------------------+
; Port ; Type  ; Severity ; Details                            ;
+------+-------+----------+------------------------------------+
; rst  ; Input ; Info     ; Stuck at GND                       ;
+------+-------+----------+------------------------------------+


+------------------------------------------------------------+
; Port Connectivity Checks: "CPU:CPU|registradorGenerico:PC" ;
+--------+-------+----------+--------------------------------+
; Port   ; Type  ; Severity ; Details                        ;
+--------+-------+----------+--------------------------------+
; enable ; Input ; Info     ; Stuck at VCC                   ;
; rst    ; Input ; Info     ; Stuck at GND                   ;
+--------+-------+----------+--------------------------------+


+---------------------------------------------------------------------+
; Port Connectivity Checks: "CPU:CPU|registradorGenerico:REG_RETORNO" ;
+------+-------+----------+-------------------------------------------+
; Port ; Type  ; Severity ; Details                                   ;
+------+-------+----------+-------------------------------------------+
; rst  ; Input ; Info     ; Stuck at GND                              ;
+------+-------+----------+-------------------------------------------+


+-----------------------------------------------------+
; Post-Synthesis Netlist Statistics for Top Partition ;
+-----------------------+-----------------------------+
; Type                  ; Count                       ;
+-----------------------+-----------------------------+
; arriav_ff             ; 575                         ;
;     CLR               ; 1                           ;
;     ENA               ; 553                         ;
;     ENA SLD           ; 8                           ;
;     plain             ; 13                          ;
; arriav_lcell_comb     ; 465                         ;
;     arith             ; 26                          ;
;         0 data inputs ; 1                           ;
;         1 data inputs ; 9                           ;
;         2 data inputs ; 1                           ;
;         5 data inputs ; 15                          ;
;     normal            ; 439                         ;
;         1 data inputs ; 1                           ;
;         2 data inputs ; 71                          ;
;         3 data inputs ; 18                          ;
;         4 data inputs ; 70                          ;
;         5 data inputs ; 30                          ;
;         6 data inputs ; 249                         ;
; boundary_port         ; 77                          ;
;                       ;                             ;
; Max LUT depth         ; 9.30                        ;
; Average LUT depth     ; 6.11                        ;
+-----------------------+-----------------------------+


+-------------------------------+
; Elapsed Time Per Partition    ;
+----------------+--------------+
; Partition Name ; Elapsed Time ;
+----------------+--------------+
; Top            ; 00:00:01     ;
+----------------+--------------+


+-------------------------------+
; Analysis & Synthesis Messages ;
+-------------------------------+
Info: *******************************************************************
Info: Running Quartus Prime Analysis & Synthesis
    Info: Version 20.1.0 Build 711 06/05/2020 SJ Lite Edition
    Info: Processing started: Thu Apr 20 17:21:31 2023
Info: Command: quartus_map --read_settings_files=on --write_settings_files=off Aula8_3 -c Aula8_3
Warning (18236): Number of processors has not been specified which may cause overloading on shared machines.  Set the global assignment NUM_PARALLEL_PROCESSORS in your QSF to an appropriate value for best performance.
Info (20030): Parallel compilation is enabled and will use 4 of the 4 processors detected
Info (12021): Found 2 design units, including 1 entities, in source file ULASomaSub.vhd
    Info (12022): Found design unit 1: ULASomaSub-comportamento File: /home/borg/Documents/Descomp/Aula8/parte3/ULASomaSub.vhd Line: 15
    Info (12023): Found entity 1: ULASomaSub File: /home/borg/Documents/Descomp/Aula8/parte3/ULASomaSub.vhd Line: 5
Info (12021): Found 2 design units, including 1 entities, in source file somaConstante.vhd
    Info (12022): Found design unit 1: somaConstante-comportamento File: /home/borg/Documents/Descomp/Aula8/parte3/somaConstante.vhd Line: 18
    Info (12023): Found entity 1: somaConstante File: /home/borg/Documents/Descomp/Aula8/parte3/somaConstante.vhd Line: 5
Info (12021): Found 2 design units, including 1 entities, in source file registradorGenerico.vhd
    Info (12022): Found design unit 1: registradorGenerico-comportamento File: /home/borg/Documents/Descomp/Aula8/parte3/registradorGenerico.vhd Line: 15
    Info (12023): Found entity 1: registradorGenerico File: /home/borg/Documents/Descomp/Aula8/parte3/registradorGenerico.vhd Line: 4
Info (12021): Found 2 design units, including 1 entities, in source file muxGenerico4x1.vhd
    Info (12022): Found design unit 1: muxGenerico4x1-comportamento File: /home/borg/Documents/Descomp/Aula8/parte3/muxGenerico4x1.vhd Line: 14
    Info (12023): Found entity 1: muxGenerico4x1 File: /home/borg/Documents/Descomp/Aula8/parte3/muxGenerico4x1.vhd Line: 4
Info (12021): Found 2 design units, including 1 entities, in source file muxGenerico2x1.vhd
    Info (12022): Found design unit 1: muxGenerico2x1-comportamento File: /home/borg/Documents/Descomp/Aula8/parte3/muxGenerico2x1.vhd Line: 14
    Info (12023): Found entity 1: muxGenerico2x1 File: /home/borg/Documents/Descomp/Aula8/parte3/muxGenerico2x1.vhd Line: 4
Info (12021): Found 2 design units, including 1 entities, in source file memoriaROM.vhd
    Info (12022): Found design unit 1: memoriaROM-assincrona File: /home/borg/Documents/Descomp/Aula8/parte3/memoriaROM.vhd Line: 16
    Info (12023): Found entity 1: memoriaROM File: /home/borg/Documents/Descomp/Aula8/parte3/memoriaROM.vhd Line: 5
Info (12021): Found 2 design units, including 1 entities, in source file memoriaRAM.vhd
    Info (12022): Found design unit 1: memoriaRAM-rtl File: /home/borg/Documents/Descomp/Aula8/parte3/memoriaRAM.vhd Line: 21
    Info (12023): Found entity 1: memoriaRAM File: /home/borg/Documents/Descomp/Aula8/parte3/memoriaRAM.vhd Line: 5
Info (12021): Found 2 design units, including 1 entities, in source file LogicaDesvio.vhd
    Info (12022): Found design unit 1: LogicaDesvio-comportamento File: /home/borg/Documents/Descomp/Aula8/parte3/LogicaDesvio.vhd Line: 14
    Info (12023): Found entity 1: LogicaDesvio File: /home/borg/Documents/Descomp/Aula8/parte3/LogicaDesvio.vhd Line: 4
Info (12021): Found 2 design units, including 1 entities, in source file FlipFlop.vhd
    Info (12022): Found design unit 1: FlipFlop-comportamento File: /home/borg/Documents/Descomp/Aula8/parte3/FlipFlop.vhd Line: 12
    Info (12023): Found entity 1: FlipFlop File: /home/borg/Documents/Descomp/Aula8/parte3/FlipFlop.vhd Line: 4
Info (12021): Found 3 design units, including 1 entities, in source file edgeDetector.vhd
    Info (12022): Found design unit 1: edgeDetector-bordaSubida File: /home/borg/Documents/Descomp/Aula8/parte3/edgeDetector.vhd Line: 10
    Info (12022): Found design unit 2: edgeDetector-bordaDescida File: /home/borg/Documents/Descomp/Aula8/parte3/edgeDetector.vhd Line: 23
    Info (12023): Found entity 1: edgeDetector File: /home/borg/Documents/Descomp/Aula8/parte3/edgeDetector.vhd Line: 4
Info (12021): Found 2 design units, including 1 entities, in source file decoderInstru.vhd
    Info (12022): Found design unit 1: decoderInstru-comportamento File: /home/borg/Documents/Descomp/Aula8/parte3/decoderInstru.vhd Line: 10
    Info (12023): Found entity 1: decoderInstru File: /home/borg/Documents/Descomp/Aula8/parte3/decoderInstru.vhd Line: 4
Info (12021): Found 2 design units, including 1 entities, in source file decoder3x8.vhd
    Info (12022): Found design unit 1: decoder3x8-comportamento File: /home/borg/Documents/Descomp/Aula8/parte3/decoder3x8.vhd Line: 10
    Info (12023): Found entity 1: decoder3x8 File: /home/borg/Documents/Descomp/Aula8/parte3/decoder3x8.vhd Line: 4
Info (12021): Found 2 design units, including 1 entities, in source file CPU.vhd
    Info (12022): Found design unit 1: CPU-arquitetura File: /home/borg/Documents/Descomp/Aula8/parte3/CPU.vhd Line: 29
    Info (12023): Found entity 1: CPU File: /home/borg/Documents/Descomp/Aula8/parte3/CPU.vhd Line: 4
Info (12021): Found 2 design units, including 1 entities, in source file conversorHex7Seg.vhd
    Info (12022): Found design unit 1: conversorHex7Seg-comportamento File: /home/borg/Documents/Descomp/Aula8/parte3/conversorHex7Seg.vhd Line: 17
    Info (12023): Found entity 1: conversorHex7Seg File: /home/borg/Documents/Descomp/Aula8/parte3/conversorHex7Seg.vhd Line: 4
Info (12021): Found 2 design units, including 1 entities, in source file buffer_3_state_8portas.vhd
    Info (12022): Found design unit 1: buffer_3_state_8portas-comportamento File: /home/borg/Documents/Descomp/Aula8/parte3/buffer_3_state_8portas.vhd Line: 11
    Info (12023): Found entity 1: buffer_3_state_8portas File: /home/borg/Documents/Descomp/Aula8/parte3/buffer_3_state_8portas.vhd Line: 4
Info (12021): Found 2 design units, including 1 entities, in source file buffer_3_state.vhd
    Info (12022): Found design unit 1: buffer_3_state-comportamento File: /home/borg/Documents/Descomp/Aula8/parte3/buffer_3_state.vhd Line: 12
    Info (12023): Found entity 1: buffer_3_state File: /home/borg/Documents/Descomp/Aula8/parte3/buffer_3_state.vhd Line: 4
Info (12021): Found 2 design units, including 1 entities, in source file Aula8_3.vhd
    Info (12022): Found design unit 1: Aula8_3-arquitetura File: /home/borg/Documents/Descomp/Aula8/parte3/Aula8_3.vhd Line: 34
    Info (12023): Found entity 1: Aula8_3 File: /home/borg/Documents/Descomp/Aula8/parte3/Aula8_3.vhd Line: 4
Info (12127): Elaborating entity "Aula8_3" for the top level hierarchy
Info (12128): Elaborating entity "CPU" for hierarchy "CPU:CPU" File: /home/borg/Documents/Descomp/Aula8/parte3/Aula8_3.vhd Line: 119
Warning (10541): VHDL Signal Declaration warning at CPU.vhd(77): used implicit default value for signal "entrada_3_MUX" because signal was never assigned a value or an explicit default value. Use of implicit default value may introduce unintended design optimizations. File: /home/borg/Documents/Descomp/Aula8/parte3/CPU.vhd Line: 77
Info (12128): Elaborating entity "somaConstante" for hierarchy "CPU:CPU|somaConstante:incrementaPC" File: /home/borg/Documents/Descomp/Aula8/parte3/CPU.vhd Line: 91
Info (12128): Elaborating entity "registradorGenerico" for hierarchy "CPU:CPU|registradorGenerico:REG_RETORNO" File: /home/borg/Documents/Descomp/Aula8/parte3/CPU.vhd Line: 95
Info (12128): Elaborating entity "LogicaDesvio" for hierarchy "CPU:CPU|LogicaDesvio:LOGICA_DESVIO" File: /home/borg/Documents/Descomp/Aula8/parte3/CPU.vhd Line: 100
Info (12128): Elaborating entity "muxGenerico4x1" for hierarchy "CPU:CPU|muxGenerico4x1:MUX_JMP" File: /home/borg/Documents/Descomp/Aula8/parte3/CPU.vhd Line: 104
Info (12128): Elaborating entity "muxGenerico2x1" for hierarchy "CPU:CPU|muxGenerico2x1:MUX1" File: /home/borg/Documents/Descomp/Aula8/parte3/CPU.vhd Line: 116
Info (12128): Elaborating entity "decoderInstru" for hierarchy "CPU:CPU|decoderInstru:DECODER" File: /home/borg/Documents/Descomp/Aula8/parte3/CPU.vhd Line: 123
Info (12128): Elaborating entity "registradorGenerico" for hierarchy "CPU:CPU|registradorGenerico:REGA" File: /home/borg/Documents/Descomp/Aula8/parte3/CPU.vhd Line: 138
Info (12128): Elaborating entity "ULASomaSub" for hierarchy "CPU:CPU|ULASomaSub:ULA" File: /home/borg/Documents/Descomp/Aula8/parte3/CPU.vhd Line: 142
Info (12128): Elaborating entity "FlipFlop" for hierarchy "CPU:CPU|FlipFlop:FLIPFLOP_COMP" File: /home/borg/Documents/Descomp/Aula8/parte3/CPU.vhd Line: 147
Info (12128): Elaborating entity "memoriaROM" for hierarchy "memoriaROM:ROM" File: /home/borg/Documents/Descomp/Aula8/parte3/Aula8_3.vhd Line: 127
Info (12128): Elaborating entity "memoriaRAM" for hierarchy "memoriaRAM:RAM" File: /home/borg/Documents/Descomp/Aula8/parte3/Aula8_3.vhd Line: 134
Info (12128): Elaborating entity "decoder3x8" for hierarchy "decoder3x8:DECODER_BLOCO" File: /home/borg/Documents/Descomp/Aula8/parte3/Aula8_3.vhd Line: 143
Info (12128): Elaborating entity "registradorGenerico" for hierarchy "registradorGenerico:REG_HEX_0" File: /home/borg/Documents/Descomp/Aula8/parte3/Aula8_3.vhd Line: 190
Info (12128): Elaborating entity "conversorHex7Seg" for hierarchy "conversorHex7Seg:HEX_0" File: /home/borg/Documents/Descomp/Aula8/parte3/Aula8_3.vhd Line: 193
Info (12128): Elaborating entity "buffer_3_state_8portas" for hierarchy "buffer_3_state_8portas:BUFFER_SW_07" File: /home/borg/Documents/Descomp/Aula8/parte3/Aula8_3.vhd Line: 259
Info (12128): Elaborating entity "buffer_3_state" for hierarchy "buffer_3_state:BUFFER_SW_8" File: /home/borg/Documents/Descomp/Aula8/parte3/Aula8_3.vhd Line: 265
Info (12129): Elaborating entity "edgeDetector" using architecture "A:bordasubida" for hierarchy "edgeDetector:detectorContador" File: /home/borg/Documents/Descomp/Aula8/parte3/Aula8_3.vhd Line: 285
Info (276014): Found 1 instances of uninferred RAM logic
    Info (276007): RAM logic "memoriaRAM:RAM|ram" is uninferred due to asynchronous read logic File: /home/borg/Documents/Descomp/Aula8/parte3/memoriaRAM.vhd Line: 27
Warning (13046): Tri-state node(s) do not directly drive top-level pin(s)
    Warning (13048): Converted tri-state node "data_in[7]" into a selector File: /home/borg/Documents/Descomp/Aula8/parte3/muxGenerico2x1.vhd Line: 10
    Warning (13048): Converted tri-state node "data_in[6]" into a selector File: /home/borg/Documents/Descomp/Aula8/parte3/muxGenerico2x1.vhd Line: 10
    Warning (13048): Converted tri-state node "data_in[5]" into a selector File: /home/borg/Documents/Descomp/Aula8/parte3/muxGenerico2x1.vhd Line: 10
    Warning (13048): Converted tri-state node "data_in[4]" into a selector File: /home/borg/Documents/Descomp/Aula8/parte3/muxGenerico2x1.vhd Line: 10
    Warning (13048): Converted tri-state node "data_in[3]" into a selector File: /home/borg/Documents/Descomp/Aula8/parte3/muxGenerico2x1.vhd Line: 10
    Warning (13048): Converted tri-state node "data_in[2]" into a selector File: /home/borg/Documents/Descomp/Aula8/parte3/muxGenerico2x1.vhd Line: 10
    Warning (13048): Converted tri-state node "data_in[1]" into a selector File: /home/borg/Documents/Descomp/Aula8/parte3/muxGenerico2x1.vhd Line: 10
    Warning (13048): Converted tri-state node "data_in[0]" into a selector File: /home/borg/Documents/Descomp/Aula8/parte3/muxGenerico2x1.vhd Line: 10
Info (286030): Timing-Driven Synthesis is running
Info (16010): Generating hard_block partition "hard_block:auto_generated_inst"
    Info (16011): Adding 0 node(s), including 0 DDIO, 0 PLL, 0 transceiver and 0 LCELL
Info (21057): Implemented 1096 device resources after synthesis - the final resource count might be different
    Info (21058): Implemented 16 input pins
    Info (21059): Implemented 61 output pins
    Info (21061): Implemented 1019 logic cells
Info: Quartus Prime Analysis & Synthesis was successful. 0 errors, 11 warnings
    Info: Peak virtual memory: 485 megabytes
    Info: Processing ended: Thu Apr 20 17:21:40 2023
    Info: Elapsed time: 00:00:09
    Info: Total CPU time (on all processors): 00:00:20


